/*C12*/SET SCHEMA PUBLIC
INSERT INTO FOLLOWED VALUES(7517,'1087088401201983488','testdrive247','2019-02-27 17:50:13.493000')
COMMIT
INSERT INTO FOLLOWED VALUES(7518,'1085972366679859200','Lewis0809','2019-02-27 17:50:14.820000')
COMMIT
INSERT INTO FOLLOWED VALUES(7519,'2607332814','Diamondthe1st','2019-02-27 17:50:16.092000')
COMMIT
INSERT INTO FOLLOWED VALUES(7520,'121541932','Krisinoxford','2019-02-27 17:50:17.378000')
COMMIT
INSERT INTO FOLLOWED VALUES(7521,'270388657','djrattigan','2019-02-27 17:50:18.709000')
COMMIT
INSERT INTO FOLLOWED VALUES(7522,'86176057','Scott94_M','2019-02-27 17:50:20.043000')
COMMIT
INSERT INTO FOLLOWED VALUES(7523,'1546484526','DougDouglas45','2019-02-27 17:50:21.371000')
COMMIT
INSERT INTO FOLLOWED VALUES(7524,'968896524','ProagriLtd','2019-02-27 17:50:22.704000')
COMMIT
INSERT INTO FOLLOWED VALUES(7525,'2912649823','3d13c0bd9ecd4eb','2019-02-27 17:50:24.037000')
COMMIT
INSERT INTO FOLLOWED VALUES(7526,'829033854782603266','manlikekizza','2019-02-27 17:50:25.369000')
COMMIT
INSERT INTO FOLLOWED VALUES(7527,'2312762254','JoeeMcGarrigle','2019-02-27 17:50:27.213000')
COMMIT
INSERT INTO FOLLOWED VALUES(7528,'715134187871846400','BugOff_official','2019-02-27 17:50:28.542000')
COMMIT
INSERT INTO FOLLOWED VALUES(7529,'313362282','AgeUKCK','2019-02-27 17:50:29.873000')
COMMIT
INSERT INTO FOLLOWED VALUES(7530,'3577705755','jinxie_jester_','2019-02-27 17:50:31.141000')
COMMIT
INSERT INTO FOLLOWED VALUES(7531,'1088684228701765632','Logos08248102','2019-02-27 17:50:32.536000')
COMMIT
INSERT INTO FOLLOWED VALUES(7532,'710619229926649857','LisamelanieP','2019-02-27 17:50:33.866000')
COMMIT
INSERT INTO FOLLOWED VALUES(7533,'1056974635911311360','dani_elle_roche','2019-02-27 17:50:35.206000')
COMMIT
INSERT INTO FOLLOWED VALUES(7534,'2441826793','ErinFreeBets','2019-02-27 17:50:36.528000')
COMMIT
INSERT INTO FOLLOWED VALUES(7535,'478672112','samantha_jcook','2019-02-27 17:50:37.864000')
COMMIT
INSERT INTO FOLLOWED VALUES(7536,'242051690','joehaguelfc','2019-02-27 17:50:39.703000')
COMMIT
INSERT INTO FOLLOWED VALUES(7537,'48861131','ZoeSherratt77','2019-02-27 17:50:40.953000')
COMMIT
INSERT INTO FOLLOWED VALUES(7538,'770028548455297025','unsworth1996','2019-02-27 17:50:42.206000')
COMMIT
INSERT INTO FOLLOWED VALUES(7539,'4812896255','bantamsenergy45','2019-02-27 17:50:43.492000')
COMMIT
INSERT INTO FOLLOWED VALUES(7540,'1910572638','BirkbeckFutures','2019-02-27 17:50:44.862000')
COMMIT
INSERT INTO FOLLOWED VALUES(7541,'946125078516977664','datademigod','2019-02-27 17:50:46.129000')
COMMIT
INSERT INTO FOLLOWED VALUES(7542,'969323707','karlrobbo1989','2019-02-27 17:50:47.353000')
COMMIT
INSERT INTO FOLLOWED VALUES(7543,'1578047024','emilywcuk','2019-02-27 17:50:48.717000')
COMMIT
INSERT INTO FOLLOWED VALUES(7544,'89942768','Princess0fChaos','2019-02-27 17:50:50.047000')
COMMIT
INSERT INTO FOLLOWED VALUES(7545,'1055847946451738624','CrypDeals','2019-02-27 17:50:51.376000')
COMMIT
INSERT INTO FOLLOWED VALUES(7546,'1017555655115378688','xxiimmxviii','2019-02-27 17:50:52.711000')
COMMIT
INSERT INTO FOLLOWED VALUES(7547,'1087396871021256704','tsprintbiker58','2019-02-27 17:50:54.043000')
COMMIT
INSERT INTO FOLLOWED VALUES(7548,'1086196503834587136','mintingcash','2019-02-27 17:50:55.885000')
COMMIT
INSERT INTO FOLLOWED VALUES(7549,'418771904','i_am_aoooi','2019-02-27 17:50:57.215000')
COMMIT
INSERT INTO FOLLOWED VALUES(7550,'3403326346','SteveBrookesMBE','2019-02-27 17:50:58.751000')
COMMIT
INSERT INTO FOLLOWED VALUES(7551,'2328466747','stephen_stuart1','2019-02-27 17:51:00.081000')
COMMIT
INSERT INTO FOLLOWED VALUES(7552,'831186413710368772','tem1ko','2019-02-27 17:51:01.409000')
COMMIT
INSERT INTO FOLLOWED VALUES(7553,'1061952393712066561','MdShaheenBabu3','2019-02-27 17:51:02.645000')
COMMIT
INSERT INTO FOLLOWED VALUES(7554,'369075216','XBEATMIXHITZ','2019-02-27 17:51:03.972000')
COMMIT
INSERT INTO FOLLOWED VALUES(7555,'944001948','jpepper105','2019-02-27 17:51:05.304000')
COMMIT
INSERT INTO FOLLOWED VALUES(7556,'1088113785544626182','PluseVickie','2019-02-27 17:51:06.738000')
COMMIT
INSERT INTO FOLLOWED VALUES(7557,'1039520513482153991','SkytellerM','2019-02-27 17:51:08.067000')
COMMIT
INSERT INTO FOLLOWED VALUES(7558,'2465930958','Shabbir_Bhera','2019-02-27 17:51:09.397000')
COMMIT
INSERT INTO FOLLOWED VALUES(7559,'943878432','NTUYouFirst','2019-02-27 17:51:11.242000')
COMMIT
INSERT INTO FOLLOWED VALUES(7560,'353348157','reffrank','2019-02-27 17:51:12.672000')
COMMIT
INSERT INTO FOLLOWED VALUES(7561,'2540066503','naijabankers','2019-02-27 17:51:13.927000')
COMMIT
INSERT INTO FOLLOWED VALUES(7562,'1076851061988577281','trino_lotaa','2019-02-27 17:51:15.236000')
COMMIT
INSERT INTO FOLLOWED VALUES(7563,'861390714130780160','SachinS0858309','2019-02-27 17:51:16.567000')
COMMIT
INSERT INTO FOLLOWED VALUES(7564,'748248238260649985','barrytoland13','2019-02-27 17:51:17.898000')
COMMIT
INSERT INTO FOLLOWED VALUES(7565,'1721940786','dion8288','2019-02-27 17:51:19.329000')
COMMIT
INSERT INTO FOLLOWED VALUES(7566,'2361280610','BbfaHerts','2019-02-27 17:51:20.664000')
COMMIT
INSERT INTO FOLLOWED VALUES(7567,'2398170630','ZuduDigital','2019-02-27 17:51:22.098000')
COMMIT
INSERT INTO FOLLOWED VALUES(7568,'343274984','BrilliantCakes1','2019-02-27 17:51:23.448000')
COMMIT
INSERT INTO FOLLOWED VALUES(7569,'857877602853408768','nigelapplewhit3','2019-02-27 17:51:24.764000')
COMMIT
INSERT INTO FOLLOWED VALUES(7570,'710790855850921984','rutledge_stuart','2019-02-27 17:51:26.091000')
COMMIT
INSERT INTO FOLLOWED VALUES(7571,'192845895','sensiple','2019-02-27 17:51:27.764000')
COMMIT
INSERT INTO FOLLOWED VALUES(7572,'895536310584266752','CortessIrene','2019-02-27 17:51:28.979000')
COMMIT
INSERT INTO FOLLOWED VALUES(7573,'400688014','nassamalkh','2019-02-27 17:51:30.288000')
COMMIT
INSERT INTO FOLLOWED VALUES(7574,'1087775548728897537','DarrenSanford7','2019-02-27 17:51:31.528000')
COMMIT
INSERT INTO FOLLOWED VALUES(7575,'1048523787497615360','hire_vision','2019-02-27 17:51:32.949000')
COMMIT
INSERT INTO FOLLOWED VALUES(7576,'1087767416564789248','RABJAN6','2019-02-27 17:51:34.192000')
COMMIT
INSERT INTO FOLLOWED VALUES(7577,'145717721','GetCarterRadio','2019-02-27 17:51:35.466000')
COMMIT
INSERT INTO FOLLOWED VALUES(7578,'1014164506069618689','LimitedSense','2019-02-27 17:51:37.218000')
COMMIT
INSERT INTO FOLLOWED VALUES(7579,'890881818047721472','M2flooringSolut','2019-02-27 17:51:38.581000')
COMMIT
INSERT INTO FOLLOWED VALUES(7580,'994858580217139200','SimonHowardJoh1','2019-02-27 17:51:39.821000')
COMMIT
INSERT INTO FOLLOWED VALUES(7581,'27895037','eyebrowstim','2019-02-27 17:51:41.143000')
COMMIT
INSERT INTO FOLLOWED VALUES(7582,'934792639488159745','bcs201','2019-02-27 17:51:42.472000')
COMMIT
INSERT INTO FOLLOWED VALUES(7583,'975674302853992449','RegionAccount','2019-02-27 17:51:43.830000')
COMMIT
INSERT INTO FOLLOWED VALUES(7584,'1060099828234051585','JawaYusif','2019-02-27 17:51:45.137000')
COMMIT
INSERT INTO FOLLOWED VALUES(7585,'1087677960000360452','abdulla90253818','2019-02-27 17:51:46.471000')
COMMIT
INSERT INTO FOLLOWED VALUES(7586,'147531935','Christy_Cfc67','2019-02-27 17:51:47.704000')
COMMIT
INSERT INTO FOLLOWED VALUES(7587,'143078243','hantolley91','2019-02-27 17:51:49.029000')
COMMIT
INSERT INTO FOLLOWED VALUES(7588,'353595530','AlessandroBufo','2019-02-27 17:51:50.361000')
COMMIT
INSERT INTO FOLLOWED VALUES(7589,'1052828091834388480','WithCarley','2019-02-27 17:51:52.205000')
COMMIT
INSERT INTO FOLLOWED VALUES(7590,'1087654255052369921','liam_catlow96','2019-02-27 17:51:53.471000')
COMMIT
INSERT INTO FOLLOWED VALUES(7591,'64451407','SamanthaJayne28','2019-02-27 17:51:54.767000')
COMMIT
INSERT INTO FOLLOWED VALUES(7592,'291776199','JHurst83','2019-02-27 17:51:56.097000')
COMMIT
INSERT INTO FOLLOWED VALUES(7593,'972355464519475200','roberto_diomed','2019-02-27 17:51:57.576000')
COMMIT
INSERT INTO FOLLOWED VALUES(7594,'1086637873238028288','BudSpen83754661','2019-02-27 17:51:58.905000')
COMMIT
INSERT INTO FOLLOWED VALUES(7595,'304578717','MarkSDonaldson','2019-02-27 17:52:00.749000')
COMMIT
INSERT INTO FOLLOWED VALUES(7596,'946600268','jsunbwmn','2019-02-27 17:52:02.031000')
COMMIT
INSERT INTO FOLLOWED VALUES(7597,'835878787','macca6960','2019-02-27 17:52:03.277000')
COMMIT
INSERT INTO FOLLOWED VALUES(7598,'507345586','1paulthorn','2019-02-27 17:52:04.593000')
COMMIT
INSERT INTO FOLLOWED VALUES(7599,'529797474','mursmums','2019-02-27 17:52:05.927000')
COMMIT
INSERT INTO FOLLOWED VALUES(7600,'21347451','LanaJackson','2019-02-27 17:52:07.255000')
COMMIT
INSERT INTO FOLLOWED VALUES(7601,'953366022','Gazminge','2019-02-27 17:52:08.494000')
COMMIT
INSERT INTO FOLLOWED VALUES(7602,'2763997308','RhonaC63','2019-02-27 17:52:09.758000')
COMMIT
INSERT INTO FOLLOWED VALUES(7603,'788410363645747201','stegorfcno1','2019-02-27 17:52:11.050000')
COMMIT
INSERT INTO FOLLOWED VALUES(7604,'1077190097026592768','YorkMental','2019-02-27 17:52:12.356000')
COMMIT
INSERT INTO FOLLOWED VALUES(7605,'1085185385984999425','SolutioPayroll','2019-02-27 17:52:14.134000')
COMMIT
INSERT INTO FOLLOWED VALUES(7606,'1085187016256438272','TransparentUmbr','2019-02-27 17:52:15.366000')
COMMIT
INSERT INTO FOLLOWED VALUES(7607,'1087342525155819522','enco_ltd','2019-02-27 17:52:16.780000')
COMMIT
INSERT INTO FOLLOWED VALUES(7608,'1087348817735880705','amackietozers','2019-02-27 17:52:18.109000')
COMMIT
INSERT INTO FOLLOWED VALUES(7609,'3097227454','netwatchglobal','2019-02-27 17:52:19.370000')
COMMIT
INSERT INTO FOLLOWED VALUES(7610,'749535944','iko_mac','2019-02-27 17:52:20.669000')
COMMIT
INSERT INTO FOLLOWED VALUES(7611,'2611550972','Prd_Velari','2019-02-27 17:52:22.000000')
COMMIT
INSERT INTO FOLLOWED VALUES(7612,'100542193','DianneJones123','2019-02-27 17:52:24.278000')
COMMIT
INSERT INTO FOLLOWED VALUES(7613,'1085727327139573760','sadirichards9','2019-02-27 17:52:25.586000')
COMMIT
INSERT INTO FOLLOWED VALUES(7614,'425247669','scottclooney1','2019-02-27 17:52:26.915000')
COMMIT
INSERT INTO FOLLOWED VALUES(7615,'261635077','d_pedrini','2019-02-27 17:52:28.205000')
COMMIT
INSERT INTO FOLLOWED VALUES(7616,'1646914920','MrStephenCarey','2019-02-27 17:52:29.462000')
COMMIT
INSERT INTO FOLLOWED VALUES(7617,'564982956','RosieLovesBiz','2019-02-27 17:52:30.932000')
COMMIT
INSERT INTO FOLLOWED VALUES(7618,'1037194375120515072','MNaseem80631168','2019-02-27 17:52:32.203000')
COMMIT
INSERT INTO FOLLOWED VALUES(7619,'61727607','happlessimp','2019-02-27 17:52:33.406000')
COMMIT
INSERT INTO FOLLOWED VALUES(7620,'993960426353373185','miki_pagani','2019-02-27 17:52:34.639000')
COMMIT
INSERT INTO FOLLOWED VALUES(7621,'3092177661','Vitysha123','2019-02-27 17:52:36.543000')
COMMIT
INSERT INTO FOLLOWED VALUES(7622,'1087230184300953601','LyndaAd30886862','2019-02-27 17:52:37.873000')
COMMIT
INSERT INTO FOLLOWED VALUES(7623,'1086160170617589760','DamienRothchild','2019-02-27 17:52:39.129000')
COMMIT
INSERT INTO FOLLOWED VALUES(7624,'51502656','AliciaCove','2019-02-27 17:52:40.361000')
COMMIT
INSERT INTO FOLLOWED VALUES(7625,'785781009497350144','bethany_hardy5','2019-02-27 17:52:41.612000')
COMMIT
INSERT INTO FOLLOWED VALUES(7626,'968813757739798528','zogarmy','2019-02-27 17:52:42.929000')
COMMIT
INSERT INTO FOLLOWED VALUES(7627,'291947451','somaray101','2019-02-27 17:52:44.208000')
COMMIT
INSERT INTO FOLLOWED VALUES(7628,'3409283381','life_of_zee','2019-02-27 17:52:45.448000')
COMMIT
INSERT INTO FOLLOWED VALUES(7629,'955550920770818048','leroy_plaza','2019-02-27 17:52:46.783000')
COMMIT
INSERT INTO FOLLOWED VALUES(7630,'1087106382799740928','LiamMcGroarty4','2019-02-27 17:52:48.115000')
COMMIT
INSERT INTO FOLLOWED VALUES(7631,'1086741523625099264','7Uknews24','2019-02-27 17:52:50.060000')
COMMIT
INSERT INTO FOLLOWED VALUES(7632,'848844548319182849','khadar1889','2019-02-27 17:52:51.562000')
COMMIT
INSERT INTO FOLLOWED VALUES(7633,'2194635772','Kateelister','2019-02-27 17:52:52.830000')
COMMIT
INSERT INTO FOLLOWED VALUES(7634,'1412976415','jrbutlers','2019-02-27 17:52:54.251000')
COMMIT
INSERT INTO FOLLOWED VALUES(7635,'144144800','EmmyGil7','2019-02-27 17:52:55.472000')
COMMIT
INSERT INTO FOLLOWED VALUES(7636,'155687266','treecrashkelv','2019-02-27 17:52:56.755000')
COMMIT
INSERT INTO FOLLOWED VALUES(7637,'1506397974','SKBexhill','2019-02-27 17:52:57.989000')
COMMIT
INSERT INTO FOLLOWED VALUES(7638,'2382074094','SergeyFlyD','2019-02-27 17:52:59.224000')
COMMIT
INSERT INTO FOLLOWED VALUES(7639,'2308372493','1990Buzzin','2019-02-27 17:53:00.504000')
COMMIT
INSERT INTO FOLLOWED VALUES(7640,'18682886','xavierdrake','2019-02-27 17:53:01.833000')
COMMIT
INSERT INTO FOLLOWED VALUES(7641,'165120907','GUILLERMOSEWELL','2019-02-27 17:53:03.798000')
COMMIT
INSERT INTO FOLLOWED VALUES(7642,'1061034689622880256','Danieloliver00','2019-02-27 17:53:05.067000')
COMMIT
INSERT INTO FOLLOWED VALUES(7643,'3192717867','pintailpictures','2019-02-27 17:53:06.339000')
COMMIT
INSERT INTO FOLLOWED VALUES(7644,'2886954460','sciencekate1','2019-02-27 17:53:07.671000')
COMMIT
INSERT INTO FOLLOWED VALUES(7645,'436032483','basantaraj3','2019-02-27 17:53:09.027000')
COMMIT
INSERT INTO FOLLOWED VALUES(7646,'2156770375','albert_raba','2019-02-27 17:53:10.267000')
COMMIT
INSERT INTO FOLLOWED VALUES(7647,'1257807410','Barbara86194015','2019-02-27 17:53:11.566000')
COMMIT
INSERT INTO FOLLOWED VALUES(7648,'718153619695091713','YeArkmanOfOld','2019-02-27 17:53:13.409000')
COMMIT
INSERT INTO FOLLOWED VALUES(7649,'22927432','Kathryn67','2019-02-27 17:53:14.665000')
COMMIT
INSERT INTO FOLLOWED VALUES(7650,'136575420','JustMandy1964','2019-02-27 17:53:15.937000')
COMMIT
INSERT INTO FOLLOWED VALUES(7651,'1588354921','ksm_bookkeeping','2019-02-27 17:53:17.191000')
COMMIT
INSERT INTO FOLLOWED VALUES(7652,'969615479315816450','otso_dog','2019-02-27 17:53:18.525000')
COMMIT
INSERT INTO FOLLOWED VALUES(7653,'50110503','Patient62482','2019-02-27 17:53:20.265000')
COMMIT
INSERT INTO FOLLOWED VALUES(7654,'47591848','FulhamShorty','2019-02-27 17:53:21.631000')
COMMIT
INSERT INTO FOLLOWED VALUES(7655,'21516896','Snottycat','2019-02-27 17:53:22.941000')
COMMIT
INSERT INTO FOLLOWED VALUES(7656,'299061446','pillguru','2019-02-27 17:53:24.163000')
COMMIT
INSERT INTO FOLLOWED VALUES(7657,'1054277160586936320','AndEm1971','2019-02-27 17:53:25.422000')
COMMIT
INSERT INTO FOLLOWED VALUES(7658,'257985128','frannux','2019-02-27 17:53:26.740000')
COMMIT
INSERT INTO FOLLOWED VALUES(7659,'435388902','bodyandsoul77','2019-02-27 17:53:28.051000')
COMMIT
INSERT INTO FOLLOWED VALUES(7660,'1280205804','sophie_peachey','2019-02-27 17:53:29.897000')
COMMIT
INSERT INTO FOLLOWED VALUES(7661,'288981105','FathersNetScot','2019-02-27 17:53:31.229000')
COMMIT
INSERT INTO FOLLOWED VALUES(7662,'60928995','cdmusak','2019-02-27 17:53:32.555000')
COMMIT
INSERT INTO FOLLOWED VALUES(7663,'310791652','davidtrnr1','2019-02-27 17:53:33.889000')
COMMIT
INSERT INTO FOLLOWED VALUES(7664,'928386677281902595','CambsDriveways','2019-02-27 17:53:35.219000')
COMMIT
INSERT INTO FOLLOWED VALUES(7665,'366663856','mrjoehammer','2019-02-27 17:53:36.545000')
COMMIT
INSERT INTO FOLLOWED VALUES(7666,'481436360','whelan161','2019-02-27 17:53:38.392000')
COMMIT
INSERT INTO FOLLOWED VALUES(7667,'3317346681','chloetoof','2019-02-27 17:53:39.829000')
COMMIT
INSERT INTO FOLLOWED VALUES(7668,'1086649847208386566','KornelKornel3','2019-02-27 17:53:41.081000')
COMMIT
INSERT INTO FOLLOWED VALUES(7669,'17678012','ctmyint','2019-02-27 17:53:42.366000')
COMMIT
INSERT INTO FOLLOWED VALUES(7670,'46875199','Rosemary_M','2019-02-27 17:53:43.719000')
COMMIT
INSERT INTO FOLLOWED VALUES(7671,'2237654734','concordis82','2019-02-27 17:53:45.051000')
COMMIT
INSERT INTO FOLLOWED VALUES(7672,'1250138737','Jo_Gambell','2019-02-27 17:53:46.270000')
COMMIT
INSERT INTO FOLLOWED VALUES(7673,'612842143','notmattdawson','2019-02-27 17:53:47.503000')
COMMIT
INSERT INTO FOLLOWED VALUES(7674,'277426099','mess6311','2019-02-27 17:53:48.836000')
COMMIT
INSERT INTO FOLLOWED VALUES(7675,'299041685','redwanjaved','2019-02-27 17:53:50.170000')
COMMIT
INSERT INTO FOLLOWED VALUES(7676,'23502811','tarz30','2019-02-27 17:53:52.013000')
COMMIT
INSERT INTO FOLLOWED VALUES(7677,'2208642280','JoshLukeTaylor','2019-02-27 17:53:53.231000')
COMMIT
INSERT INTO FOLLOWED VALUES(7678,'1086615119465984000','Nissiforexinve1','2019-02-27 17:53:54.596000')
COMMIT
INSERT INTO FOLLOWED VALUES(7679,'390392970','gmol007','2019-02-27 17:53:55.807000')
COMMIT
INSERT INTO FOLLOWED VALUES(7680,'973994821449854984','ellesse_bird','2019-02-27 17:53:57.064000')
COMMIT
INSERT INTO FOLLOWED VALUES(7681,'797542572268916736','MrPatchy001','2019-02-27 17:53:58.303000')
COMMIT
INSERT INTO FOLLOWED VALUES(7682,'1082720408640593920','Tim80482079','2019-02-27 17:53:59.537000')
COMMIT
INSERT INTO FOLLOWED VALUES(7683,'25383414','rachygroom','2019-02-27 17:54:00.756000')
COMMIT
INSERT INTO FOLLOWED VALUES(7684,'192851232','casataylor77','2019-02-27 17:54:02.662000')
COMMIT
INSERT INTO FOLLOWED VALUES(7685,'1091339461','ShayleeThorne','2019-02-27 17:54:04.100000')
COMMIT
INSERT INTO FOLLOWED VALUES(7686,'506328505','ThomKent1984','2019-02-27 17:54:05.432000')
COMMIT
INSERT INTO FOLLOWED VALUES(7687,'58213675','KharisGGeorge','2019-02-27 17:54:06.752000')
COMMIT
INSERT INTO FOLLOWED VALUES(7688,'118506406','LewisChristian7','2019-02-27 17:54:08.085000')
COMMIT
INSERT INTO FOLLOWED VALUES(7689,'40649705','Matty_Tudor','2019-02-27 17:54:09.812000')
COMMIT
INSERT INTO FOLLOWED VALUES(7690,'26345055','mariaaaaaaaaaa','2019-02-27 17:54:11.141000')
COMMIT
INSERT INTO FOLLOWED VALUES(7691,'709820464','Chicken_Runs_','2019-02-27 17:54:12.502000')
COMMIT
INSERT INTO FOLLOWED VALUES(7692,'1016140106','GregHawkins6','2019-02-27 17:54:13.834000')
COMMIT
INSERT INTO FOLLOWED VALUES(7693,'280477101','PetaSpinks','2019-02-27 17:54:15.176000')
COMMIT
INSERT INTO FOLLOWED VALUES(7694,'293692821','kyldb','2019-02-27 17:54:16.488000')
COMMIT
INSERT INTO FOLLOWED VALUES(7695,'108258657','zogthedog','2019-02-27 17:54:17.826000')
COMMIT
INSERT INTO FOLLOWED VALUES(7696,'261745548','JoceT22','2019-02-27 17:54:19.658000')
COMMIT
INSERT INTO FOLLOWED VALUES(7697,'911032573','vxr_coopz','2019-02-27 17:54:20.919000')
COMMIT
INSERT INTO FOLLOWED VALUES(7698,'50992645','ClaireFarley71','2019-02-27 17:54:22.136000')
COMMIT
INSERT INTO FOLLOWED VALUES(7699,'317421873','Stephanie_Cakes','2019-02-27 17:54:23.447000')
COMMIT
INSERT INTO FOLLOWED VALUES(7700,'268486623','EmmaVPainter','2019-02-27 17:54:24.689000')
COMMIT
INSERT INTO FOLLOWED VALUES(7701,'79555426','chewy1985','2019-02-27 17:54:26.010000')
COMMIT
INSERT INTO FOLLOWED VALUES(7702,'50989460','juliedawn1','2019-02-27 17:54:27.266000')
COMMIT
INSERT INTO FOLLOWED VALUES(7703,'298434658','KinlochPamela','2019-02-27 17:54:29.081000')
COMMIT
INSERT INTO FOLLOWED VALUES(7704,'437599733','Loz_1973','2019-02-27 17:54:30.414000')
COMMIT
INSERT INTO FOLLOWED VALUES(7705,'617545062','nursemac1','2019-02-27 17:54:31.764000')
COMMIT
INSERT INTO FOLLOWED VALUES(7706,'53748881','Jonthebadger78','2019-02-27 17:54:33.025000')
COMMIT
INSERT INTO FOLLOWED VALUES(7707,'912278481354059776','JamieHine1999','2019-02-27 17:54:34.302000')
COMMIT
INSERT INTO FOLLOWED VALUES(7708,'902616068182695939','Jackspotter48','2019-02-27 17:54:35.632000')
COMMIT
INSERT INTO FOLLOWED VALUES(7709,'166888906','MDendura','2019-02-27 17:54:36.957000')
COMMIT
INSERT INTO FOLLOWED VALUES(7710,'20500723','Hannah_8989','2019-02-27 17:54:38.296000')
COMMIT
INSERT INTO FOLLOWED VALUES(7711,'2193772350','AllanGordon11','2019-02-27 17:54:39.632000')
COMMIT
INSERT INTO FOLLOWED VALUES(7712,'1083740505631064064','psaluti58','2019-02-27 17:54:41.413000')
COMMIT
INSERT INTO FOLLOWED VALUES(7713,'959001836371005441','FinanceWelch','2019-02-27 17:54:42.801000')
COMMIT
INSERT INTO FOLLOWED VALUES(7714,'157669689','samKhart','2019-02-27 17:54:44.173000')
COMMIT
INSERT INTO FOLLOWED VALUES(7715,'1029758064612786177','RhiannaRicketts','2019-02-27 17:54:45.570000')
COMMIT
INSERT INTO FOLLOWED VALUES(7716,'2270735214','TheMixRadioBuzz','2019-02-27 17:54:46.899000')
COMMIT
INSERT INTO FOLLOWED VALUES(7717,'1254199346','LxDesigner89','2019-02-27 17:54:48.354000')
COMMIT
INSERT INTO FOLLOWED VALUES(7718,'489387253','LucyAsker_21','2019-02-27 17:54:49.667000')
COMMIT
INSERT INTO FOLLOWED VALUES(7719,'1086331291820281857','katie_baylis','2019-02-27 17:54:50.996000')
COMMIT
INSERT INTO FOLLOWED VALUES(7720,'956753191814668288','stuartyboy1982','2019-02-27 17:54:52.757000')
COMMIT
INSERT INTO FOLLOWED VALUES(7721,'1077322052179320833','SusanWi00977014','2019-02-27 17:54:54.070000')
COMMIT
INSERT INTO FOLLOWED VALUES(7722,'237763811','stevecarolan','2019-02-27 17:54:55.396000')
COMMIT
INSERT INTO FOLLOWED VALUES(7723,'1017051444686540805','Christo77369253','2019-02-27 17:54:56.668000')
COMMIT
INSERT INTO FOLLOWED VALUES(7724,'35707964','catalina_87','2019-02-27 17:54:58.057000')
COMMIT
INSERT INTO FOLLOWED VALUES(7725,'114222028','NiamhGilson','2019-02-27 17:54:59.392000')
COMMIT
INSERT INTO FOLLOWED VALUES(7726,'23115140','pagey26','2019-02-27 17:55:00.720000')
COMMIT
INSERT INTO FOLLOWED VALUES(7727,'1085696331119767557','DTSL99','2019-02-27 17:55:02.674000')
COMMIT
INSERT INTO FOLLOWED VALUES(7728,'2534407313','ellishabessell','2019-02-27 17:55:03.912000')
COMMIT
INSERT INTO FOLLOWED VALUES(7729,'398851709','GingaNinja81','2019-02-27 17:55:05.185000')
COMMIT
INSERT INTO FOLLOWED VALUES(7730,'54591813','againstmenandfi','2019-02-27 17:55:06.392000')
COMMIT
INSERT INTO FOLLOWED VALUES(7731,'249982979','snailbale','2019-02-27 17:55:07.694000')
COMMIT
INSERT INTO FOLLOWED VALUES(7732,'20307071','rhicaerdydd','2019-02-27 17:55:09.032000')
COMMIT
INSERT INTO FOLLOWED VALUES(7733,'473350536','lloydey15','2019-02-27 17:55:10.349000')
COMMIT
INSERT INTO FOLLOWED VALUES(7734,'143129603','skchima1','2019-02-27 17:55:11.677000')
COMMIT
INSERT INTO FOLLOWED VALUES(7735,'146774170','beckyldavies13','2019-02-27 17:55:13.362000')
COMMIT
INSERT INTO FOLLOWED VALUES(7736,'1001622142071574529','Xyliana87','2019-02-27 17:55:14.652000')
COMMIT
INSERT INTO FOLLOWED VALUES(7737,'802813089104232448','JSSamra96','2019-02-27 17:55:16.523000')
COMMIT
INSERT INTO FOLLOWED VALUES(7738,'1076106513532489729','chambers_jayde','2019-02-27 17:55:17.787000')
COMMIT
INSERT INTO FOLLOWED VALUES(7739,'303390399','Gaudin_mel','2019-02-27 17:55:19.259000')
COMMIT
INSERT INTO FOLLOWED VALUES(7740,'731576326122012673','iamjustme2017','2019-02-27 17:55:20.589000')
COMMIT
INSERT INTO FOLLOWED VALUES(7741,'332800907','ashmita_see','2019-02-27 17:55:21.935000')
COMMIT
INSERT INTO FOLLOWED VALUES(7742,'448245181','ODonoghueG','2019-02-27 17:55:23.253000')
COMMIT
INSERT INTO FOLLOWED VALUES(7743,'2409478701','Driizeh','2019-02-27 17:55:24.583000')
COMMIT
INSERT INTO FOLLOWED VALUES(7744,'2374573335','AndrewHoughto18','2019-02-27 17:55:25.912000')
COMMIT
INSERT INTO FOLLOWED VALUES(7745,'504813202','GregTackPGA','2019-02-27 17:55:27.245000')
COMMIT
INSERT INTO FOLLOWED VALUES(7746,'351843959','ClaireDonoMcfly','2019-02-27 17:55:29.011000')
COMMIT
INSERT INTO FOLLOWED VALUES(7747,'96745639','zZDUDLEYZz','2019-02-27 17:55:30.334000')
COMMIT
INSERT INTO FOLLOWED VALUES(7748,'2364041280','bbirstallydsale','2019-02-27 17:55:31.646000')
COMMIT
INSERT INTO FOLLOWED VALUES(7749,'569424945','morse_p','2019-02-27 17:55:32.979000')
COMMIT
INSERT INTO FOLLOWED VALUES(7750,'1086340522288078849','MrPainPassion1','2019-02-27 17:55:34.654000')
COMMIT
INSERT INTO FOLLOWED VALUES(7751,'38407535','haybabe1uk','2019-02-27 17:55:35.921000')
COMMIT
INSERT INTO FOLLOWED VALUES(7752,'437764825','HugoDouglas2','2019-02-27 17:55:37.144000')
COMMIT
INSERT INTO FOLLOWED VALUES(7753,'42691882','mrsuppo','2019-02-27 17:55:38.399000')
COMMIT
INSERT INTO FOLLOWED VALUES(7754,'772598485308805120','sexyboysimon','2019-02-27 17:55:39.741000')
COMMIT
INSERT INTO FOLLOWED VALUES(7755,'1081448839012323328','garysa69','2019-02-27 17:55:41.048000')
COMMIT
INSERT INTO FOLLOWED VALUES(7756,'131132513','Wilfy23','2019-02-27 17:55:42.298000')
COMMIT
INSERT INTO FOLLOWED VALUES(7757,'4333462635','micdundmusic','2019-02-27 17:55:43.625000')
COMMIT
INSERT INTO FOLLOWED VALUES(7758,'776724098','LauraBanksy','2019-02-27 17:55:44.960000')
COMMIT
INSERT INTO FOLLOWED VALUES(7759,'363574605','AdamWilkes4','2019-02-27 17:55:46.262000')
COMMIT
INSERT INTO FOLLOWED VALUES(7760,'244647491','sarah9809','2019-02-27 17:55:47.622000')
COMMIT
INSERT INTO FOLLOWED VALUES(7761,'19961013','lofo78','2019-02-27 17:55:48.909000')
COMMIT
INSERT INTO FOLLOWED VALUES(7762,'2886741849','GreenoBen','2019-02-27 17:55:50.697000')
COMMIT
INSERT INTO FOLLOWED VALUES(7763,'2509967928','Farestage','2019-02-27 17:55:52.023000')
COMMIT
INSERT INTO FOLLOWED VALUES(7764,'79698322','WendyEllis2013','2019-02-27 17:55:53.357000')
COMMIT
INSERT INTO FOLLOWED VALUES(7765,'593870749','helenlbates21','2019-02-27 17:55:54.607000')
COMMIT
INSERT INTO FOLLOWED VALUES(7766,'21229555','patters2410','2019-02-27 17:55:55.852000')
COMMIT
INSERT INTO FOLLOWED VALUES(7767,'59407896','parny19','2019-02-27 17:55:57.351000')
COMMIT
INSERT INTO FOLLOWED VALUES(7768,'391617751','pezzajamie','2019-02-27 17:55:58.642000')
COMMIT
INSERT INTO FOLLOWED VALUES(7769,'1041756560639381506','GovierRichard','2019-02-27 17:56:00.049000')
COMMIT
INSERT INTO FOLLOWED VALUES(7770,'316365826','C_Toonarmy','2019-02-27 17:56:01.301000')
COMMIT
INSERT INTO FOLLOWED VALUES(7771,'1084414635200204800','UKJBElectrical','2019-02-27 17:56:02.609000')
COMMIT
INSERT INTO FOLLOWED VALUES(7772,'886217146417786881','Alexshaw260592','2019-02-27 17:56:04.380000')
COMMIT
INSERT INTO FOLLOWED VALUES(7773,'25049617','RonnieMcD424uk','2019-02-27 17:56:05.749000')
COMMIT
INSERT INTO FOLLOWED VALUES(7774,'386532820','JanineComerford','2019-02-27 17:56:06.966000')
COMMIT
INSERT INTO FOLLOWED VALUES(7775,'85439804','florinrobas','2019-02-27 17:56:08.308000')
COMMIT
INSERT INTO FOLLOWED VALUES(7776,'1086330321002524672','Ella10398703','2019-02-27 17:56:09.552000')
COMMIT
INSERT INTO FOLLOWED VALUES(7777,'544379980','GRMcKenz','2019-02-27 17:56:10.866000')
COMMIT
INSERT INTO FOLLOWED VALUES(7778,'609331278','AkkyDanny','2019-02-27 17:56:12.709000')
COMMIT
INSERT INTO FOLLOWED VALUES(7779,'1028234699188129792','StitchMonro','2019-02-27 17:56:14.115000')
COMMIT
INSERT INTO FOLLOWED VALUES(7780,'381530387','chelseageorge8','2019-02-27 17:56:15.479000')
COMMIT
INSERT INTO FOLLOWED VALUES(7781,'55651534','walshy_a_mark','2019-02-27 17:56:16.815000')
COMMIT
INSERT INTO FOLLOWED VALUES(7782,'74953569','RorrieCrocker','2019-02-27 17:56:18.037000')
COMMIT
INSERT INTO FOLLOWED VALUES(7783,'334614370','SDBookmakers','2019-02-27 17:56:19.369000')
COMMIT
INSERT INTO FOLLOWED VALUES(7784,'245765221','Gramboski','2019-02-27 17:56:20.700000')
COMMIT
INSERT INTO FOLLOWED VALUES(7785,'1601432508','peterdowney3','2019-02-27 17:56:21.970000')
COMMIT
INSERT INTO FOLLOWED VALUES(7786,'61308710','Miss_SADP','2019-02-27 17:56:23.259000')
COMMIT
INSERT INTO FOLLOWED VALUES(7787,'21607862','DoktorJillsey','2019-02-27 17:56:24.634000')
COMMIT
INSERT INTO FOLLOWED VALUES(7788,'891312212089991168','Courth99','2019-02-27 17:56:25.872000')
COMMIT
INSERT INTO FOLLOWED VALUES(7789,'1115116375','ayykaayyy','2019-02-27 17:56:27.147000')
COMMIT
INSERT INTO FOLLOWED VALUES(7790,'1059067798582976513','LiamWat58614978','2019-02-27 17:56:28.483000')
COMMIT
INSERT INTO FOLLOWED VALUES(7791,'2465527084','rachelsargent65','2019-02-27 17:56:30.427000')
COMMIT
INSERT INTO FOLLOWED VALUES(7792,'231485902','Jodee_B','2019-02-27 17:56:31.759000')
COMMIT
INSERT INTO FOLLOWED VALUES(7793,'133730910','stuntbelly','2019-02-27 17:56:33.093000')
COMMIT
INSERT INTO FOLLOWED VALUES(7794,'460134905','dan_rai90','2019-02-27 17:56:34.323000')
COMMIT
INSERT INTO FOLLOWED VALUES(7795,'331514403','declan_jennings','2019-02-27 17:56:35.562000')
COMMIT
INSERT INTO FOLLOWED VALUES(7796,'1488491322','jwalford2009','2019-02-27 17:56:36.877000')
COMMIT
INSERT INTO FOLLOWED VALUES(7797,'1033694167342436352','Chris81086269','2019-02-27 17:56:38.159000')
COMMIT
INSERT INTO FOLLOWED VALUES(7798,'2578124908','pimpos78','2019-02-27 17:56:39.537000')
COMMIT
INSERT INTO FOLLOWED VALUES(7799,'91671144','hbarrow13','2019-02-27 17:56:41.393000')
COMMIT
INSERT INTO FOLLOWED VALUES(7800,'1062971544673140736','witterfort7','2019-02-27 17:56:42.714000')
COMMIT
INSERT INTO FOLLOWED VALUES(7801,'860375024','amhnicholson','2019-02-27 17:56:44.048000')
COMMIT
INSERT INTO FOLLOWED VALUES(7802,'968537033114312706','toni35976427','2019-02-27 17:56:45.380000')
COMMIT
INSERT INTO FOLLOWED VALUES(7803,'738547652','jendawson12','2019-02-27 17:56:46.665000')
COMMIT
INSERT INTO FOLLOWED VALUES(7804,'945887774','Nicola_fox1','2019-02-27 17:56:47.940000')
COMMIT
INSERT INTO FOLLOWED VALUES(7805,'1958258406','leachkatherine1','2019-02-27 17:56:49.267000')
COMMIT
INSERT INTO FOLLOWED VALUES(7806,'20034939','Neil_Rivelino','2019-02-27 17:56:50.535000')
COMMIT
INSERT INTO FOLLOWED VALUES(7807,'2495014733','pirjosinger','2019-02-27 17:56:51.943000')
COMMIT
INSERT INTO FOLLOWED VALUES(7808,'2877548731','pascalrascal91','2019-02-27 17:56:53.266000')
COMMIT
INSERT INTO FOLLOWED VALUES(7809,'187954570','hollipopss','2019-02-27 17:56:54.609000')
COMMIT
INSERT INTO FOLLOWED VALUES(7810,'226540841','carlybradburn','2019-02-27 17:56:56.539000')
COMMIT
INSERT INTO FOLLOWED VALUES(7811,'116423277','Zef2018','2019-02-27 17:56:57.970000')
COMMIT
INSERT INTO FOLLOWED VALUES(7812,'20094402','gemmaleigh1','2019-02-27 17:56:59.294000')
COMMIT
INSERT INTO FOLLOWED VALUES(7813,'2721056703','ColinBrookInn','2019-02-27 17:57:00.645000')
COMMIT
INSERT INTO FOLLOWED VALUES(7814,'346710270','LiamWynd','2019-02-27 17:57:01.886000')
COMMIT
INSERT INTO FOLLOWED VALUES(7815,'273628596','JordannaHarries','2019-02-27 17:57:03.294000')
COMMIT
INSERT INTO FOLLOWED VALUES(7816,'1084876049442369537','benj_howard','2019-02-27 17:57:04.553000')
COMMIT
INSERT INTO FOLLOWED VALUES(7817,'58590775','jamesssinton','2019-02-27 17:57:06.220000')
COMMIT
INSERT INTO FOLLOWED VALUES(7818,'321587953','imnot_perky','2019-02-27 17:57:07.470000')
COMMIT
INSERT INTO FOLLOWED VALUES(7819,'460566919','daniestodesilva','2019-02-27 17:57:08.734000')
COMMIT
INSERT INTO FOLLOWED VALUES(7820,'1449685561','NeilDan88','2019-02-27 17:57:09.994000')
COMMIT
INSERT INTO FOLLOWED VALUES(7821,'77044834','CBaseley','2019-02-27 17:57:11.308000')
COMMIT
INSERT INTO FOLLOWED VALUES(7822,'57076098','Mollehhhhh','2019-02-27 17:57:13.067000')
COMMIT
INSERT INTO FOLLOWED VALUES(7823,'296995663','Timmy_Mac','2019-02-27 17:57:14.308000')
COMMIT
INSERT INTO FOLLOWED VALUES(7824,'1086314412741484546','dianega46805534','2019-02-27 17:57:15.529000')
COMMIT
INSERT INTO FOLLOWED VALUES(7825,'211482165','JoshRobbo11','2019-02-27 17:57:16.914000')
COMMIT
INSERT INTO FOLLOWED VALUES(7826,'380787652','waitsey','2019-02-27 17:57:18.246000')
COMMIT
INSERT INTO FOLLOWED VALUES(7827,'444858786','JonathanWhytock','2019-02-27 17:57:19.523000')
COMMIT
INSERT INTO FOLLOWED VALUES(7828,'849714648','DrewBoyd95','2019-02-27 17:57:20.827000')
COMMIT
INSERT INTO FOLLOWED VALUES(7829,'227405767','AmbsGraf','2019-02-27 17:57:22.070000')
COMMIT
INSERT INTO FOLLOWED VALUES(7830,'2198907357','MarkMarkgeo82','2019-02-27 17:57:23.369000')
COMMIT
INSERT INTO FOLLOWED VALUES(7831,'969872161','pjmcbob65','2019-02-27 17:57:24.701000')
COMMIT
INSERT INTO FOLLOWED VALUES(7832,'785954485378150400','sade_turnbull','2019-02-27 17:57:26.029000')
COMMIT
INSERT INTO FOLLOWED VALUES(7833,'3350600621','SRP_Meyado','2019-02-27 17:57:27.363000')
COMMIT
INSERT INTO FOLLOWED VALUES(7834,'178016097','amber_jade__x','2019-02-27 17:57:29.169000')
COMMIT
INSERT INTO FOLLOWED VALUES(7835,'834283027','cesarlopezluzon','2019-02-27 17:57:30.435000')
COMMIT
INSERT INTO FOLLOWED VALUES(7836,'42013525','RyanArmstrong93','2019-02-27 17:57:31.764000')
COMMIT
INSERT INTO FOLLOWED VALUES(7837,'1068923121539981313','coolrpg','2019-02-27 17:57:33.098000')
COMMIT
INSERT INTO FOLLOWED VALUES(7838,'251734864','simontbassett','2019-02-27 17:57:34.429000')
COMMIT
INSERT INTO FOLLOWED VALUES(7839,'935867069798715392','Jesse_s_w','2019-02-27 17:57:35.676000')
COMMIT
INSERT INTO FOLLOWED VALUES(7840,'1082584767730720768','Maciej94258847','2019-02-27 17:57:36.882000')
COMMIT
INSERT INTO FOLLOWED VALUES(7841,'4211501559','jakub786','2019-02-27 17:57:38.211000')
COMMIT
INSERT INTO FOLLOWED VALUES(7842,'540004616','CharlotteEyre18','2019-02-27 17:57:39.442000')
COMMIT
INSERT INTO FOLLOWED VALUES(7843,'107264179','JoshPar92','2019-02-27 17:57:40.675000')
COMMIT
INSERT INTO FOLLOWED VALUES(7844,'896836817005273089','BeardBlazeIt','2019-02-27 17:57:42.035000')
COMMIT
INSERT INTO FOLLOWED VALUES(7845,'4871464265','MadnessBuild','2019-02-27 17:57:43.947000')
COMMIT
INSERT INTO FOLLOWED VALUES(7846,'1392825042','IcCraig','2019-02-27 17:57:45.185000')
COMMIT
INSERT INTO FOLLOWED VALUES(7847,'171252504','Cavell_Sinclair','2019-02-27 17:57:46.716000')
COMMIT
INSERT INTO FOLLOWED VALUES(7848,'3104849602','WattsRachael88','2019-02-27 17:57:47.946000')
COMMIT
INSERT INTO FOLLOWED VALUES(7849,'1376263267','PesoTheMedic','2019-02-27 17:57:49.278000')
COMMIT
INSERT INTO FOLLOWED VALUES(7850,'90411261','Sherriffs_UK','2019-02-27 17:57:50.606000')
COMMIT
INSERT INTO FOLLOWED VALUES(7851,'826596879425208320','tamma1988','2019-02-27 17:57:52.189000')
COMMIT
INSERT INTO FOLLOWED VALUES(7852,'1086305743534473216','jandu_prabh','2019-02-27 17:57:53.476000')
COMMIT
INSERT INTO FOLLOWED VALUES(7853,'1084589161129091072','lem0ndowski','2019-02-27 17:57:55.320000')
COMMIT
INSERT INTO FOLLOWED VALUES(7854,'3372762539','BenChilderhouse','2019-02-27 17:57:56.566000')
COMMIT
INSERT INTO FOLLOWED VALUES(7855,'475240838','ljsandersonx','2019-02-27 17:57:57.875000')
COMMIT
INSERT INTO FOLLOWED VALUES(7856,'142381282','SimaDavarian','2019-02-27 17:57:59.210000')
COMMIT
INSERT INTO FOLLOWED VALUES(7857,'3847232002','Clarabe44459988','2019-02-27 17:58:00.537000')
COMMIT
INSERT INTO FOLLOWED VALUES(7858,'287793835','princessmills18','2019-02-27 17:58:02.383000')
COMMIT
INSERT INTO FOLLOWED VALUES(7859,'532328606','BryanBlack12','2019-02-27 17:58:03.742000')
COMMIT
INSERT INTO FOLLOWED VALUES(7860,'634517546','B4rryHayward','2019-02-27 17:58:05.254000')
COMMIT
INSERT INTO FOLLOWED VALUES(7861,'208995270','msjordanna','2019-02-27 17:58:06.582000')
COMMIT
INSERT INTO FOLLOWED VALUES(7862,'822935123553357824','KelsieOJohnson','2019-02-27 17:58:07.812000')
COMMIT
INSERT INTO FOLLOWED VALUES(7863,'948993132577816577','SteveJames_M','2019-02-27 17:58:09.144000')
COMMIT
INSERT INTO FOLLOWED VALUES(7864,'4353826937','Pullyarif1','2019-02-27 17:58:10.471000')
COMMIT
INSERT INTO FOLLOWED VALUES(7865,'1086301473657548800','MadFrank11','2019-02-27 17:58:11.713000')
COMMIT
INSERT INTO FOLLOWED VALUES(7866,'387947731','hudsonaaron1985','2019-02-27 17:58:13.033000')
COMMIT
INSERT INTO FOLLOWED VALUES(7867,'723140073764483073','1_spero','2019-02-27 17:58:14.466000')
COMMIT
INSERT INTO FOLLOWED VALUES(7868,'1047387264916094976','gku2018','2019-02-27 17:58:16.371000')
COMMIT
INSERT INTO FOLLOWED VALUES(7869,'332099439','criiisiii','2019-02-27 17:58:17.745000')
COMMIT
INSERT INTO FOLLOWED VALUES(7870,'634164602','EnhanceMedical','2019-02-27 17:58:19.075000')
COMMIT
INSERT INTO FOLLOWED VALUES(7871,'1228196304','loststateofdan','2019-02-27 17:58:20.403000')
COMMIT
INSERT INTO FOLLOWED VALUES(7872,'724851810784137217','WitchTripperUK','2019-02-27 17:58:21.666000')
COMMIT
INSERT INTO FOLLOWED VALUES(7873,'1394014700','Jessica_Call9','2019-02-27 17:58:22.912000')
COMMIT
INSERT INTO FOLLOWED VALUES(7874,'185347891','mattelsworth94','2019-02-27 17:58:24.674000')
COMMIT
INSERT INTO FOLLOWED VALUES(7875,'923211070164094976','KingSportsLive','2019-02-27 17:58:26.042000')
COMMIT
INSERT INTO FOLLOWED VALUES(7876,'474063467','Blenheim_Global','2019-02-27 17:58:27.717000')
COMMIT
INSERT INTO FOLLOWED VALUES(7877,'571179710','Ash_Guy_Martin','2019-02-27 17:58:29.005000')
COMMIT
INSERT INTO FOLLOWED VALUES(7878,'997987843','russ_spencer','2019-02-27 17:58:30.231000')
COMMIT
INSERT INTO FOLLOWED VALUES(7879,'1086295870897827847','KatieWr79742206','2019-02-27 17:58:31.569000')
COMMIT
INSERT INTO FOLLOWED VALUES(7880,'969226122914418688','dack_charlie','2019-02-27 17:58:32.831000')
COMMIT
INSERT INTO FOLLOWED VALUES(7881,'1086294966702354434','LanLuo12','2019-02-27 17:58:34.144000')
COMMIT
INSERT INTO FOLLOWED VALUES(7882,'132560079','wakus2009','2019-02-27 17:58:35.461000')
COMMIT
INSERT INTO FOLLOWED VALUES(7883,'833975857','FaulknerLiam','2019-02-27 17:58:36.791000')
COMMIT
INSERT INTO FOLLOWED VALUES(7884,'615656322','simsdcfc','2019-02-27 17:58:38.107000')
COMMIT
INSERT INTO FOLLOWED VALUES(7885,'304418918','WigwamCreative','2019-02-27 17:58:39.454000')
COMMIT
INSERT INTO FOLLOWED VALUES(7886,'581003332','JohnWalker1977','2019-02-27 17:58:41.399000')
COMMIT
INSERT INTO FOLLOWED VALUES(7887,'296450535','MarkPashby','2019-02-27 17:58:42.669000')
COMMIT
INSERT INTO FOLLOWED VALUES(7888,'338944062','SheilaRawlings','2019-02-27 17:58:44.060000')
COMMIT
INSERT INTO FOLLOWED VALUES(7889,'24398727','williamfaint','2019-02-27 17:58:45.389000')
COMMIT
INSERT INTO FOLLOWED VALUES(7890,'871134226372075521','hurley_aoife','2019-02-27 17:58:46.725000')
COMMIT
INSERT INTO FOLLOWED VALUES(7891,'1020051696662327296','sigriffiths3','2019-02-27 17:58:48.061000')
COMMIT
INSERT INTO FOLLOWED VALUES(7892,'1086290002462547969','KayleighPatema2','2019-02-27 17:58:49.386000')
COMMIT
INSERT INTO FOLLOWED VALUES(7893,'816968988064366592','AdalaideQuill','2019-02-27 17:58:50.736000')
COMMIT
INSERT INTO FOLLOWED VALUES(7894,'970360916033368064','MarbelleSnow','2019-02-27 17:58:52.561000')
COMMIT
INSERT INTO FOLLOWED VALUES(7895,'42167871','Anj61','2019-02-27 17:58:53.891000')
COMMIT
INSERT INTO FOLLOWED VALUES(7896,'1662539274','Martin_7x','2019-02-27 17:58:55.244000')
COMMIT
INSERT INTO FOLLOWED VALUES(7897,'2347138124','RegulusP','2019-02-27 17:58:56.494000')
COMMIT
INSERT INTO FOLLOWED VALUES(7898,'290510756','BiddleEddie','2019-02-27 17:58:58.061000')
COMMIT
INSERT INTO FOLLOWED VALUES(7899,'821130361224753152','FOCUSAM2017','2019-02-27 17:58:59.431000')
COMMIT
INSERT INTO FOLLOWED VALUES(7900,'375202988','Beth_Mary_Hedge','2019-02-27 17:59:00.755000')
COMMIT
INSERT INTO FOLLOWED VALUES(7901,'2194405122','djdquk','2019-02-27 17:59:02.082000')
COMMIT
INSERT INTO FOLLOWED VALUES(7902,'1106427571','kwasi_gmai','2019-02-27 17:59:03.413000')
COMMIT
INSERT INTO FOLLOWED VALUES(7903,'1038433069601091585','therealjaytee1','2019-02-27 17:59:05.154000')
COMMIT
INSERT INTO FOLLOWED VALUES(7904,'161821337','brulake','2019-02-27 17:59:06.402000')
COMMIT
INSERT INTO FOLLOWED VALUES(7905,'106104495','williamesp','2019-02-27 17:59:07.712000')
COMMIT
INSERT INTO FOLLOWED VALUES(7906,'785158579150004224','dannymclean93','2019-02-27 17:59:09.062000')
COMMIT
INSERT INTO FOLLOWED VALUES(7907,'148738804','MattYoung1992','2019-02-27 17:59:10.376000')
COMMIT
INSERT INTO FOLLOWED VALUES(7908,'45386104','sndhannah','2019-02-27 17:59:11.696000')
COMMIT
INSERT INTO FOLLOWED VALUES(7909,'2325210150','sammypaul121','2019-02-27 17:59:13.038000')
COMMIT
INSERT INTO FOLLOWED VALUES(7910,'285317015','ZaraChar82','2019-02-27 17:59:15.090000')
COMMIT
INSERT INTO FOLLOWED VALUES(7911,'145215295','sleepingdeeps','2019-02-27 17:59:16.416000')
COMMIT
INSERT INTO FOLLOWED VALUES(7912,'1089422466','TheBusinessHive','2019-02-27 17:59:17.748000')
COMMIT
INSERT INTO FOLLOWED VALUES(7913,'921811911158714368','Shelleyw24','2019-02-27 17:59:19.016000')
COMMIT
INSERT INTO FOLLOWED VALUES(7914,'130545883','reecenewsome','2019-02-27 17:59:20.311000')
COMMIT
INSERT INTO FOLLOWED VALUES(7915,'365684019','Bdonov88','2019-02-27 17:59:21.643000')
COMMIT
INSERT INTO FOLLOWED VALUES(7916,'2273790901','MummyToEviee','2019-02-27 17:59:23.446000')
COMMIT
INSERT INTO FOLLOWED VALUES(7917,'941375954538164225','JasonDunford4','2019-02-27 17:59:24.936000')
COMMIT
INSERT INTO FOLLOWED VALUES(7918,'461578369','PaddyCocking','2019-02-27 17:59:26.251000')
COMMIT
INSERT INTO FOLLOWED VALUES(7919,'2861715899','NoFeesLetting','2019-02-27 17:59:27.577000')
COMMIT
INSERT INTO FOLLOWED VALUES(7920,'2264776173','RealRobinn','2019-02-27 17:59:28.871000')
COMMIT
INSERT INTO FOLLOWED VALUES(7921,'844623468930969604','wakingkat','2019-02-27 17:59:30.155000')
COMMIT
INSERT INTO FOLLOWED VALUES(7922,'2777425355','GeorgeRoss88','2019-02-27 17:59:31.473000')
COMMIT
INSERT INTO FOLLOWED VALUES(7923,'283986521','RebeccaCootexx','2019-02-27 17:59:32.805000')
COMMIT
INSERT INTO FOLLOWED VALUES(7924,'202180594','thisisJimW','2019-02-27 17:59:34.036000')
COMMIT
INSERT INTO FOLLOWED VALUES(7925,'470993070','CourtneyRutter','2019-02-27 17:59:35.364000')
COMMIT
INSERT INTO FOLLOWED VALUES(7926,'386797332','itsggsparkle','2019-02-27 17:59:36.696000')
COMMIT
INSERT INTO FOLLOWED VALUES(7927,'461516741','DavidCasati2','2019-02-27 17:59:38.036000')
COMMIT
INSERT INTO FOLLOWED VALUES(7928,'19988119','selleyb','2019-02-27 17:59:39.866000')
COMMIT
INSERT INTO FOLLOWED VALUES(7929,'950354318804254720','WSGDecor','2019-02-27 17:59:41.204000')
COMMIT
INSERT INTO FOLLOWED VALUES(7930,'271590740','stevenofthsouth','2019-02-27 17:59:42.530000')
COMMIT
INSERT INTO FOLLOWED VALUES(7931,'812602360765829121','DaisyStorage','2019-02-27 17:59:43.861000')
COMMIT
INSERT INTO FOLLOWED VALUES(7932,'351824108','Cariad_17','2019-02-27 17:59:45.198000')
COMMIT
INSERT INTO FOLLOWED VALUES(7933,'197172302','Charmainneee14','2019-02-27 17:59:46.478000')
COMMIT
INSERT INTO FOLLOWED VALUES(7934,'719286969713434625','ThatLiamJoseph','2019-02-27 17:59:48.269000')
COMMIT
INSERT INTO FOLLOWED VALUES(7935,'1073971721554804736','Newsymcnewsfac1','2019-02-27 17:59:49.600000')
COMMIT
INSERT INTO FOLLOWED VALUES(7936,'18717141','mvdakers','2019-02-27 17:59:50.930000')
COMMIT
INSERT INTO FOLLOWED VALUES(7937,'3093672302','jenniferjb83','2019-02-27 17:59:52.228000')
COMMIT
INSERT INTO FOLLOWED VALUES(7938,'458366137','bart4telford','2019-02-27 17:59:53.587000')
COMMIT
INSERT INTO FOLLOWED VALUES(7939,'1021857043710394369','claire_millmann','2019-02-27 17:59:54.837000')
COMMIT
INSERT INTO FOLLOWED VALUES(7940,'384317569','helenjones36','2019-02-27 17:59:56.151000')
COMMIT
INSERT INTO FOLLOWED VALUES(7941,'121246530','VindiTweets','2019-02-27 17:59:57.482000')
COMMIT
INSERT INTO FOLLOWED VALUES(7942,'349851396','Bunsentcc','2019-02-27 17:59:59.226000')
COMMIT
INSERT INTO FOLLOWED VALUES(7943,'2949167507','Laughton_Steve','2019-02-27 18:00:00.556000')
COMMIT
INSERT INTO FOLLOWED VALUES(7944,'632171602','annie_kenny','2019-02-27 18:00:01.887000')
COMMIT
INSERT INTO FOLLOWED VALUES(7945,'343268452','lostharibo','2019-02-27 18:00:03.603000')
COMMIT
INSERT INTO FOLLOWED VALUES(7946,'383142941','AliCurran1994','2019-02-27 18:00:04.899000')
COMMIT
INSERT INTO FOLLOWED VALUES(7947,'887653140','barbarasguy','2019-02-27 18:00:06.187000')
COMMIT
INSERT INTO FOLLOWED VALUES(7948,'1086264722201239553','FingerzJimmy','2019-02-27 18:00:07.453000')
COMMIT
INSERT INTO FOLLOWED VALUES(7949,'45670364','Vibroseis','2019-02-27 18:00:08.745000')
COMMIT
INSERT INTO FOLLOWED VALUES(7950,'904732325010919424','wearefivespoons','2019-02-27 18:00:09.978000')
COMMIT
INSERT INTO FOLLOWED VALUES(7951,'986047574','Tom_Dames','2019-02-27 18:00:11.221000')
COMMIT
INSERT INTO FOLLOWED VALUES(7952,'40641346','karlralexander','2019-02-27 18:00:12.537000')
COMMIT
INSERT INTO FOLLOWED VALUES(7953,'1061675249928953856','Kaiden50695281','2019-02-27 18:00:13.767000')
COMMIT
INSERT INTO FOLLOWED VALUES(7954,'861097448','jillybabesx','2019-02-27 18:00:15.091000')
COMMIT
INSERT INTO FOLLOWED VALUES(7955,'785115925','nikolmelling92','2019-02-27 18:00:16.315000')
COMMIT
INSERT INTO FOLLOWED VALUES(7956,'295905765','nickdj_77','2019-02-27 18:00:17.655000')
COMMIT
INSERT INTO FOLLOWED VALUES(7957,'451790350','lysaa7','2019-02-27 18:00:19.906000')
COMMIT
INSERT INTO FOLLOWED VALUES(7958,'230712673','DAJAZDJ','2019-02-27 18:00:21.239000')
COMMIT
INSERT INTO FOLLOWED VALUES(7959,'861880718','SnairMortgages','2019-02-27 18:00:22.574000')
COMMIT
INSERT INTO FOLLOWED VALUES(7960,'187707496','emmakholford','2019-02-27 18:00:23.899000')
COMMIT
INSERT INTO FOLLOWED VALUES(7961,'1086033879327219712','Erin53807546','2019-02-27 18:00:25.231000')
COMMIT
INSERT INTO FOLLOWED VALUES(7962,'306352570','PhilMaher1','2019-02-27 18:00:26.536000')
COMMIT
INSERT INTO FOLLOWED VALUES(7963,'927404430','JamieTaylor_95','2019-02-27 18:00:27.791000')
COMMIT
INSERT INTO FOLLOWED VALUES(7964,'2858610217','paigeetheringt2','2019-02-27 18:00:29.225000')
COMMIT
INSERT INTO FOLLOWED VALUES(7965,'308649605','PabloSantanaSal','2019-02-27 18:00:30.473000')
COMMIT
INSERT INTO FOLLOWED VALUES(7966,'917585258','nickycopley','2019-02-27 18:00:32.296000')
COMMIT
INSERT INTO FOLLOWED VALUES(7967,'1081194005780750341','OctopusJrGame','2019-02-27 18:00:33.729000')
COMMIT
INSERT INTO FOLLOWED VALUES(7968,'229279700','siavashaghili','2019-02-27 18:00:35.033000')
COMMIT
INSERT INTO FOLLOWED VALUES(7969,'129473640','FireFlyIV','2019-02-27 18:00:36.392000')
COMMIT
INSERT INTO FOLLOWED VALUES(7970,'734322529423200256','sophlou__93','2019-02-27 18:00:37.726000')
COMMIT
INSERT INTO FOLLOWED VALUES(7971,'1064286781959520256','AlexFaxley','2019-02-27 18:00:39.156000')
COMMIT
INSERT INTO FOLLOWED VALUES(7972,'749177976','map18w','2019-02-27 18:00:40.400000')
COMMIT
INSERT INTO FOLLOWED VALUES(7973,'196504607','smithykapow','2019-02-27 18:00:41.656000')
COMMIT
INSERT INTO FOLLOWED VALUES(7974,'228804796','blackbess49','2019-02-27 18:00:42.947000')
COMMIT
INSERT INTO FOLLOWED VALUES(7975,'1377841602','damien_west','2019-02-27 18:00:44.278000')
COMMIT
INSERT INTO FOLLOWED VALUES(7976,'2583914224','mikeyred1983','2019-02-27 18:00:45.534000')
COMMIT
INSERT INTO FOLLOWED VALUES(7977,'33687646','LauraKateD','2019-02-27 18:00:46.868000')
COMMIT
INSERT INTO FOLLOWED VALUES(7978,'4870248909','LaRevenantt','2019-02-27 18:00:48.644000')
COMMIT
INSERT INTO FOLLOWED VALUES(7979,'360226118','DNugent09','2019-02-27 18:00:49.924000')
COMMIT
INSERT INTO FOLLOWED VALUES(7980,'604191939','haydenwalker96','2019-02-27 18:00:51.214000')
COMMIT
INSERT INTO FOLLOWED VALUES(7981,'566658647','julieagoulding','2019-02-27 18:00:52.493000')
COMMIT
INSERT INTO FOLLOWED VALUES(7982,'329718888','ViksWhite','2019-02-27 18:00:53.802000')
COMMIT
INSERT INTO FOLLOWED VALUES(7983,'609461733','yazminwill00','2019-02-27 18:00:55.135000')
COMMIT
INSERT INTO FOLLOWED VALUES(7984,'167355948','mjservices','2019-02-27 18:00:56.405000')
COMMIT
INSERT INTO FOLLOWED VALUES(7985,'823458023645544449','LaurenwilcoxX','2019-02-27 18:00:57.794000')
COMMIT
INSERT INTO FOLLOWED VALUES(7986,'38564650','xomel_1989ox','2019-02-27 18:00:59.131000')
COMMIT
INSERT INTO FOLLOWED VALUES(7987,'994801945','danchap16','2019-02-27 18:01:00.364000')
COMMIT
INSERT INTO FOLLOWED VALUES(7988,'3331819900','malganhouse','2019-02-27 18:01:01.686000')
COMMIT
INSERT INTO FOLLOWED VALUES(7989,'156540948','PatCMatthews','2019-02-27 18:01:03.121000')
COMMIT
INSERT INTO FOLLOWED VALUES(7990,'2940617207','claytonsg8','2019-02-27 18:01:05.066000')
COMMIT
INSERT INTO FOLLOWED VALUES(7991,'305849925','JonHarvey1977','2019-02-27 18:01:06.398000')
COMMIT
INSERT INTO FOLLOWED VALUES(7992,'2946294531','fletchmeister87','2019-02-27 18:01:07.732000')
COMMIT
INSERT INTO FOLLOWED VALUES(7993,'480679331','paigecairns94','2019-02-27 18:01:09.063000')
COMMIT
INSERT INTO FOLLOWED VALUES(7994,'419838609','migstrends','2019-02-27 18:01:10.340000')
COMMIT
INSERT INTO FOLLOWED VALUES(7995,'323278313','1987Bigsy','2019-02-27 18:01:11.592000')
COMMIT
INSERT INTO FOLLOWED VALUES(7996,'161829915','DonnaHT75','2019-02-27 18:01:12.860000')
COMMIT
INSERT INTO FOLLOWED VALUES(7997,'3075032739','Melnatx','2019-02-27 18:01:14.178000')
COMMIT
INSERT INTO FOLLOWED VALUES(7998,'776515679839281154','Gilliandsmith','2019-02-27 18:01:15.387000')
COMMIT
INSERT INTO FOLLOWED VALUES(7999,'26799495','rachcurly','2019-02-27 18:01:17.089000')
COMMIT
INSERT INTO FOLLOWED VALUES(8000,'119827639','Mrbaiti','2019-02-27 18:01:18.338000')
COMMIT
INSERT INTO FOLLOWED VALUES(8001,'262078785','stav30','2019-02-27 18:01:19.713000')
COMMIT
INSERT INTO FOLLOWED VALUES(8002,'25309320','TARTG','2019-02-27 18:01:21.075000')
COMMIT
INSERT INTO FOLLOWED VALUES(8003,'914569757290004480','StuartEdward2','2019-02-27 18:01:22.988000')
COMMIT
INSERT INTO FOLLOWED VALUES(8004,'1006844144885620736','samblucat','2019-02-27 18:01:24.314000')
COMMIT
INSERT INTO FOLLOWED VALUES(8005,'898327952','Nikki494','2019-02-27 18:01:25.651000')
COMMIT
INSERT INTO FOLLOWED VALUES(8006,'51553961','supremebieber94','2019-02-27 18:01:26.938000')
COMMIT
INSERT INTO FOLLOWED VALUES(8007,'253015067','marianneHoney','2019-02-27 18:01:28.313000')
COMMIT
INSERT INTO FOLLOWED VALUES(8008,'948980733716164609','samjenkin3','2019-02-27 18:01:29.612000')
COMMIT
INSERT INTO FOLLOWED VALUES(8009,'2690990920','stinkyridge','2019-02-27 18:01:30.997000')
COMMIT
INSERT INTO FOLLOWED VALUES(8010,'2365748091','gem_10036','2019-02-27 18:01:32.301000')
COMMIT
INSERT INTO FOLLOWED VALUES(8011,'718374505165561858','tehcrispyduck','2019-02-27 18:01:33.737000')
COMMIT
INSERT INTO FOLLOWED VALUES(8012,'915964051385135104','DeepFriedCyber','2019-02-27 18:01:35.413000')
COMMIT
INSERT INTO FOLLOWED VALUES(8013,'2319811288','Sm0keyRobinson','2019-02-27 18:01:36.706000')
COMMIT
INSERT INTO FOLLOWED VALUES(8014,'2669428600','CulliganNic','2019-02-27 18:01:37.949000')
COMMIT
INSERT INTO FOLLOWED VALUES(8015,'1545695305','Kate_Lou90','2019-02-27 18:01:39.272000')
COMMIT
INSERT INTO FOLLOWED VALUES(8016,'257491511','SaigeDecking','2019-02-27 18:01:40.603000')
COMMIT
INSERT INTO FOLLOWED VALUES(8017,'545790926','CUManchester','2019-02-27 18:01:42.020000')
COMMIT
INSERT INTO FOLLOWED VALUES(8018,'63833399','Emielou82','2019-02-27 18:01:43.351000')
COMMIT
INSERT INTO FOLLOWED VALUES(8019,'1086247856640585728','Katieni15544971','2019-02-27 18:01:44.632000')
COMMIT
INSERT INTO FOLLOWED VALUES(8020,'21856809','paulblythin','2019-02-27 18:01:45.883000')
COMMIT
INSERT INTO FOLLOWED VALUES(8021,'884715626','vbbradders','2019-02-27 18:01:47.766000')
COMMIT
INSERT INTO FOLLOWED VALUES(8022,'1065903606581346304','BbbGoodwin','2019-02-27 18:01:49.101000')
COMMIT
INSERT INTO FOLLOWED VALUES(8023,'1016250944','2Philip_Collins','2019-02-27 18:01:50.529000')
COMMIT
INSERT INTO FOLLOWED VALUES(8024,'156226748','gingehshow','2019-02-27 18:01:51.863000')
COMMIT
INSERT INTO FOLLOWED VALUES(8025,'281986187','karlbfc21','2019-02-27 18:01:53.194000')
COMMIT
INSERT INTO FOLLOWED VALUES(8026,'2337814780','Digi_Fang','2019-02-27 18:01:54.526000')
COMMIT
INSERT INTO FOLLOWED VALUES(8027,'263269421','jonhill6','2019-02-27 18:01:55.859000')
COMMIT
INSERT INTO FOLLOWED VALUES(8028,'591953006','shanes_loonie','2019-02-27 18:01:57.600000')
COMMIT
INSERT INTO FOLLOWED VALUES(8029,'221360742','chivers1989','2019-02-27 18:01:58.956000')
COMMIT
INSERT INTO FOLLOWED VALUES(8030,'705667240327249920','KjBusiness67','2019-02-27 18:02:00.272000')
COMMIT
INSERT INTO FOLLOWED VALUES(8031,'2766388932','JenkinsonGary','2019-02-27 18:02:02.277000')
COMMIT
INSERT INTO FOLLOWED VALUES(8032,'287826675','davejohno9','2019-02-27 18:02:03.545000')
COMMIT
INSERT INTO FOLLOWED VALUES(8033,'208310202','BossMalik24','2019-02-27 18:02:04.868000')
COMMIT
INSERT INTO FOLLOWED VALUES(8034,'834133222195879937','SarahWasley4','2019-02-27 18:02:06.203000')
COMMIT
INSERT INTO FOLLOWED VALUES(8035,'213285800','lucy789789','2019-02-27 18:02:07.536000')
COMMIT
INSERT INTO FOLLOWED VALUES(8036,'1288341630','DiMcCx','2019-02-27 18:02:08.842000')
COMMIT
INSERT INTO FOLLOWED VALUES(8037,'879250552751894528','Alex9Mackenzie','2019-02-27 18:02:10.080000')
COMMIT
INSERT INTO FOLLOWED VALUES(8038,'334087867','ShannonKCrean','2019-02-27 18:02:11.346000')
COMMIT
INSERT INTO FOLLOWED VALUES(8039,'355707264','MikeDwsn','2019-02-27 18:02:12.601000')
COMMIT
INSERT INTO FOLLOWED VALUES(8040,'268499805','mrogers_','2019-02-27 18:02:13.879000')
COMMIT
INSERT INTO FOLLOWED VALUES(8041,'253952629','abs207','2019-02-27 18:02:15.934000')
COMMIT
INSERT INTO FOLLOWED VALUES(8042,'827800052500402176','mariewilliamsx','2019-02-27 18:02:17.257000')
COMMIT
INSERT INTO FOLLOWED VALUES(8043,'800443850149900289','SaraMulbregt','2019-02-27 18:02:18.588000')
COMMIT
INSERT INTO FOLLOWED VALUES(8044,'182946174','cattycatrin','2019-02-27 18:02:19.921000')
COMMIT
INSERT INTO FOLLOWED VALUES(8045,'264436988','Thana_singam','2019-02-27 18:02:21.254000')
COMMIT
INSERT INTO FOLLOWED VALUES(8046,'1549059829','shaun4m','2019-02-27 18:02:22.585000')
COMMIT
INSERT INTO FOLLOWED VALUES(8047,'234449832','JamesLake_89','2019-02-27 18:02:24.118000')
COMMIT
INSERT INTO FOLLOWED VALUES(8048,'68732824','MickMacca','2019-02-27 18:02:25.448000')
COMMIT
INSERT INTO FOLLOWED VALUES(8049,'1106125086','Jazzybolton39','2019-02-27 18:02:26.782000')
COMMIT
INSERT INTO FOLLOWED VALUES(8050,'1029467533580087296','Katelyn53752144','2019-02-27 18:02:28.507000')
COMMIT
INSERT INTO FOLLOWED VALUES(8051,'441349234','MissAbbi26','2019-02-27 18:02:29.858000')
COMMIT
INSERT INTO FOLLOWED VALUES(8052,'277386998','AislingMeabh','2019-02-27 18:02:31.188000')
COMMIT
INSERT INTO FOLLOWED VALUES(8053,'20302246','slim789789','2019-02-27 18:02:32.515000')
COMMIT
INSERT INTO FOLLOWED VALUES(8054,'1048203263177347072','SamanthaTurley6','2019-02-27 18:02:33.928000')
COMMIT
INSERT INTO FOLLOWED VALUES(8055,'453461335','Antscif','2019-02-27 18:02:35.182000')
COMMIT
INSERT INTO FOLLOWED VALUES(8056,'26231231','kjl385','2019-02-27 18:02:36.513000')
COMMIT
INSERT INTO FOLLOWED VALUES(8057,'361182450','charlieq0987','2019-02-27 18:02:37.844000')
COMMIT
INSERT INTO FOLLOWED VALUES(8058,'740212585157517316','FTMChris1','2019-02-27 18:02:39.171000')
COMMIT
INSERT INTO FOLLOWED VALUES(8059,'2474191460','MarkPearceUK','2019-02-27 18:02:40.540000')
COMMIT
DISCONNECT
/*C13*/SET SCHEMA PUBLIC
DISCONNECT
/*C14*/SET SCHEMA PUBLIC
DISCONNECT
/*C15*/SET SCHEMA PUBLIC
DISCONNECT
/*C16*/SET SCHEMA PUBLIC
DISCONNECT
/*C17*/SET SCHEMA PUBLIC
DISCONNECT
/*C18*/SET SCHEMA PUBLIC
DISCONNECT
/*C19*/SET SCHEMA PUBLIC
DISCONNECT
/*C20*/SET SCHEMA PUBLIC
DISCONNECT
/*C21*/SET SCHEMA PUBLIC
DISCONNECT
